<?xml version="1.0" encoding="UTF-8"?>
<!-- Generated by org.testng.reporters.JUnitXMLReporter -->
<testsuite hostname="LAPTOP-QQFR7U9L" ignored="3" name="Test1" tests="39" failures="0" timestamp="23 Aug 2019 08:19:12 GMT" time="6.396" errors="0">
  <testcase name="@BeforeTest setUp" time="4.669" classname="ExtendingSelenium.BmiCalculatorTest">
    <failure type="org.openqa.selenium.WebDriverException" message="unknown error: unhandled inspector error: {&amp;quot;code&amp;quot;:-32000,&amp;quot;message&amp;quot;:&amp;quot;Cannot navigate to invalid URL&amp;quot;}
  (Session info: chrome=76.0.3809.100)
  (Driver info: chromedriver=72.0.3626.69 (3c16f8a135abc0d4da2dff33804db79b849a7c38),platform=Windows NT 10.0.17134 x86_64) (WARNING: The server did not provide any stacktrace information)
Command duration or timeout: 0 milliseconds
Build info: version: &amp;apos;3.141.59&amp;apos;, revision: &amp;apos;e82be7d358&amp;apos;, time: &amp;apos;2018-11-14T08:17:03&amp;apos;
System info: host: &amp;apos;LAPTOP-QQFR7U9L&amp;apos;, ip: &amp;apos;192.168.0.105&amp;apos;, os.name: &amp;apos;Windows 10&amp;apos;, os.arch: &amp;apos;amd64&amp;apos;, os.version: &amp;apos;10.0&amp;apos;, java.version: &amp;apos;1.8.0_91&amp;apos;
Driver info: org.openqa.selenium.chrome.ChromeDriver
Capabilities {acceptInsecureCerts: false, acceptSslCerts: false, applicationCacheEnabled: false, browserConnectionEnabled: false, browserName: chrome, chrome: {chromedriverVersion: 72.0.3626.69 (3c16f8a135abc..., userDataDir: C:\windows\TEMP\scoped_dir1...}, cssSelectorsEnabled: true, databaseEnabled: false, goog:chromeOptions: {debuggerAddress: localhost:53215}, handlesAlerts: true, hasTouchScreen: false, javascriptEnabled: true, locationContextEnabled: true, mobileEmulationEnabled: false, nativeEvents: true, networkConnectionEnabled: false, pageLoadStrategy: normal, platform: XP, platformName: XP, proxy: Proxy(), rotatable: false, setWindowRect: true, takesHeapSnapshot: true, takesScreenshot: true, timeouts: {implicit: 0, pageLoad: 300000, script: 30000}, unexpectedAlertBehaviour: ignore, unhandledPromptBehavior: ignore, version: 76.0.3809.100, webStorageEnabled: true}
Session ID: 5b75b0b5f64228b877bc18ad102e74ff">
      <![CDATA[org.openqa.selenium.WebDriverException: unknown error: unhandled inspector error: {"code":-32000,"message":"Cannot navigate to invalid URL"}
  (Session info: chrome=76.0.3809.100)
  (Driver info: chromedriver=72.0.3626.69 (3c16f8a135abc0d4da2dff33804db79b849a7c38),platform=Windows NT 10.0.17134 x86_64) (WARNING: The server did not provide any stacktrace information)
Command duration or timeout: 0 milliseconds
Build info: version: '3.141.59', revision: 'e82be7d358', time: '2018-11-14T08:17:03'
System info: host: 'LAPTOP-QQFR7U9L', ip: '192.168.0.105', os.name: 'Windows 10', os.arch: 'amd64', os.version: '10.0', java.version: '1.8.0_91'
Driver info: org.openqa.selenium.chrome.ChromeDriver
Capabilities {acceptInsecureCerts: false, acceptSslCerts: false, applicationCacheEnabled: false, browserConnectionEnabled: false, browserName: chrome, chrome: {chromedriverVersion: 72.0.3626.69 (3c16f8a135abc..., userDataDir: C:\windows\TEMP\scoped_dir1...}, cssSelectorsEnabled: true, databaseEnabled: false, goog:chromeOptions: {debuggerAddress: localhost:53215}, handlesAlerts: true, hasTouchScreen: false, javascriptEnabled: true, locationContextEnabled: true, mobileEmulationEnabled: false, nativeEvents: true, networkConnectionEnabled: false, pageLoadStrategy: normal, platform: XP, platformName: XP, proxy: Proxy(), rotatable: false, setWindowRect: true, takesHeapSnapshot: true, takesScreenshot: true, timeouts: {implicit: 0, pageLoad: 300000, script: 30000}, unexpectedAlertBehaviour: ignore, unhandledPromptBehavior: ignore, version: 76.0.3809.100, webStorageEnabled: true}
Session ID: 5b75b0b5f64228b877bc18ad102e74ff
at org.openqa.selenium.remote.ErrorHandler.createThrowable(ErrorHandler.java:214)
at org.openqa.selenium.remote.ErrorHandler.throwIfResponseFailed(ErrorHandler.java:166)
at org.openqa.selenium.remote.http.JsonHttpResponseCodec.reconstructValue(JsonHttpResponseCodec.java:40)
at org.openqa.selenium.remote.http.AbstractHttpResponseCodec.decode(AbstractHttpResponseCodec.java:80)
at org.openqa.selenium.remote.http.AbstractHttpResponseCodec.decode(AbstractHttpResponseCodec.java:44)
at org.openqa.selenium.remote.HttpCommandExecutor.execute(HttpCommandExecutor.java:158)
at org.openqa.selenium.remote.service.DriverCommandExecutor.execute(DriverCommandExecutor.java:83)
at org.openqa.selenium.remote.RemoteWebDriver.execute(RemoteWebDriver.java:552)
at org.openqa.selenium.remote.RemoteWebDriver.get(RemoteWebDriver.java:277)
at ExtendingSelenium.BmiCalculatorTest.setUp(BmiCalculatorTest.java:30)
... Removed 28 stack frames]]>
    </failure>
  </testcase> <!-- @BeforeTest setUp -->
  <testcase name="@BeforeTest beforetest" time="0.0" classname="SeleniumAPI.DoubleClickTest">
    <skipped/>
  </testcase> <!-- @BeforeTest beforetest -->
  <testcase name="@BeforeTest beforetest" time="0.0" classname="SeleniumAPI.DragandDrop">
    <skipped/>
  </testcase> <!-- @BeforeTest beforetest -->
  <testcase name="@BeforeTest beforetest" time="0.0" classname="SynchronizingTests.ExplicitWait">
    <skipped/>
  </testcase> <!-- @BeforeTest beforetest -->
  <testcase name="@BeforeTest beforetest" time="0.0" classname="FindingElements.FindElement">
    <skipped/>
  </testcase> <!-- @BeforeTest beforetest -->
  <testcase name="@BeforeTest setUp" time="0.0" classname="HTML5VideoPlayer.HTML5VideoPlayer">
    <skipped/>
  </testcase> <!-- @BeforeTest setUp -->
  <testcase name="@BeforeTest setUp" time="0.0" classname="ExtendingSelenium.Objectmaptest">
    <skipped/>
  </testcase> <!-- @BeforeTest setUp -->
  <testcase name="@BeforeTest beforetest" time="0.0" classname="SeleniumAPI.ScreenShottest">
    <skipped/>
  </testcase> <!-- @BeforeTest beforetest -->
  <testcase name="@BeforeTest beforetest" time="0.0" classname="WorkingWithElements.SessionCookies">
    <skipped/>
  </testcase> <!-- @BeforeTest beforetest -->
  <testcase name="@BeforeTest beforetest" time="0.0" classname="GettingStarted.SettingUpChromeDriver">
    <skipped/>
  </testcase> <!-- @BeforeTest beforetest -->
  <testcase name="@BeforeTest beforetest" time="0.0" classname="GettingStarted.SettingUpFirefox">
    <skipped/>
  </testcase> <!-- @BeforeTest beforetest -->
  <testcase name="@BeforeTest setUp" time="0.0" classname="SeleniumAPI.WebdriverEvent">
    <skipped/>
  </testcase> <!-- @BeforeTest setUp -->
  <testcase name="@BeforeTest beforetest" time="0.0" classname="SeleniumAPI.WorkingWithContextMenu">
    <skipped/>
  </testcase> <!-- @BeforeTest beforetest -->
  <testcase name="@BeforeClass setUp" time="0.0" classname="PageObjectModel.BmiCalculatorTests2">
    <skipped/>
  </testcase> <!-- @BeforeClass setUp -->
  <testcase name="@BeforeClass setUp" time="0.0" classname="WorkingwithAlertsFrameandWindows.FramesTest">
    <skipped/>
  </testcase> <!-- @BeforeClass setUp -->
  <testcase name="@AfterClass teardown" time="0.0" classname="com.pom.practice.firstpom.pages.FrameTest">
    <skipped/>
  </testcase> <!-- @AfterClass teardown -->
  <testcase name="@BeforeClass setUp" time="0.0" classname="PageObjectModel.BmiCalculatorTests">
    <skipped/>
  </testcase> <!-- @BeforeClass setUp -->
  <testcase name="@AfterClass tearDown" time="0.0" classname="PageObjectModel.BmiCalculatorTests">
    <skipped/>
  </testcase> <!-- @AfterClass tearDown -->
  <testcase name="@AfterClass Teardown" time="0.0" classname="ExtendingSelenium.WebTableTest">
    <skipped/>
  </testcase> <!-- @AfterClass Teardown -->
  <testcase name="@BeforeClass Setup" time="0.0" classname="WorkingwithAlertsFrameandWindows.AlertsTest">
    <skipped/>
  </testcase> <!-- @BeforeClass Setup -->
  <testcase name="@AfterClass Tesrdown" time="0.0" classname="WorkingwithAlertsFrameandWindows.AlertsTest">
    <skipped/>
  </testcase> <!-- @AfterClass Tesrdown -->
  <testcase name="@BeforeClass setup" time="0.0" classname="com.pom.practice.firstpom.BaseTest">
    <skipped/>
  </testcase> <!-- @BeforeClass setup -->
  <testcase name="@BeforeClass setUp" time="0.0" classname="WorkingwithAlertsFrameandWindows.WindowTest">
    <skipped/>
  </testcase> <!-- @BeforeClass setUp -->
  <testcase name="@AfterClass tearDown" time="0.0" classname="WorkingwithAlertsFrameandWindows.WindowTest">
    <skipped/>
  </testcase> <!-- @AfterClass tearDown -->
  <testcase name="@AfterClass tearDown" time="0.0" classname="WorkingwithAlertsFrameandWindows.FramesTest">
    <skipped/>
  </testcase> <!-- @AfterClass tearDown -->
  <testcase name="@AfterClass teardown" time="0.0" classname="com.pom.practice.firstpom.BaseTest">
    <skipped/>
  </testcase> <!-- @AfterClass teardown -->
  <testcase name="@AfterTest tearDown" time="0.0" classname="ExtendingSelenium.BmiCalculatorTest">
    <skipped/>
  </testcase> <!-- @AfterTest tearDown -->
  <testcase name="@AfterTest aftertest" time="0.0" classname="PageObjectModel.BmiCalculatorTests2">
    <skipped/>
  </testcase> <!-- @AfterTest aftertest -->
  <testcase name="@AfterTest aftertest" time="0.0" classname="SeleniumAPI.DoubleClickTest">
    <skipped/>
  </testcase> <!-- @AfterTest aftertest -->
  <testcase name="@AfterTest aftertest" time="0.0" classname="SeleniumAPI.DragandDrop">
    <skipped/>
  </testcase> <!-- @AfterTest aftertest -->
  <testcase name="@AfterTest aftertest" time="0.0" classname="SynchronizingTests.ExplicitWait">
    <skipped/>
  </testcase> <!-- @AfterTest aftertest -->
  <testcase name="@AfterTest aftertest" time="0.0" classname="FindingElements.FindElement">
    <skipped/>
  </testcase> <!-- @AfterTest aftertest -->
  <testcase name="@AfterTest tearDown" time="0.0" classname="HTML5VideoPlayer.HTML5VideoPlayer">
    <skipped/>
  </testcase> <!-- @AfterTest tearDown -->
  <testcase name="@AfterTest tearDown" time="0.0" classname="ExtendingSelenium.Objectmaptest">
    <skipped/>
  </testcase> <!-- @AfterTest tearDown -->
  <testcase name="@AfterTest aftertest" time="0.0" classname="SeleniumAPI.ScreenShottest">
    <skipped/>
  </testcase> <!-- @AfterTest aftertest -->
  <testcase name="@AfterTest aftertest" time="0.0" classname="WorkingWithElements.SessionCookies">
    <skipped/>
  </testcase> <!-- @AfterTest aftertest -->
  <testcase name="@AfterTest aftertest" time="0.0" classname="GettingStarted.SettingUpChromeDriver">
    <skipped/>
  </testcase> <!-- @AfterTest aftertest -->
  <testcase name="@AfterTest aftertest" time="0.0" classname="GettingStarted.SettingUpFirefox">
    <skipped/>
  </testcase> <!-- @AfterTest aftertest -->
  <testcase name="@AfterTest tearDown" time="0.0" classname="SeleniumAPI.WebdriverEvent">
    <skipped/>
  </testcase> <!-- @AfterTest tearDown -->
  <testcase name="settingupwithCromedriver" time="0.0" classname="FindingElements.FindElement">
    <skipped/>
  </testcase> <!-- settingupwithCromedriver -->
  <testcase name="testBmiCalculation" time="0.0" classname="PageObjectModel.BmiCalculatorTests2">
    <skipped/>
  </testcase> <!-- testBmiCalculation -->
  <testcase name="browserstacktest" time="0.0" classname="CrossBrowserTesting.BrowserTestonChrome">
    <skipped/>
  </testcase> <!-- browserstacktest -->
  <testcase name="settingupwithCromedriver" time="0.0" classname="GettingStarted.SettingUpChromeDriver">
    <skipped/>
  </testcase> <!-- settingupwithCromedriver -->
  <testcase name="testIFrame" time="0.0" classname="WorkingwithAlertsFrameandWindows.FramesTest">
    <skipped/>
  </testcase> <!-- testIFrame -->
  <testcase name="test01" time="0.0" classname="SynchronizingTests.ExplicitWait">
    <skipped/>
  </testcase> <!-- test01 -->
  <testcase name="testFrameIndex" time="0.0" classname="com.pom.practice.firstpom.pages.FrameTest">
    <skipped/>
  </testcase> <!-- testFrameIndex -->
  <testcase name="testFramewithIDorname" time="0.0" classname="com.pom.practice.firstpom.pages.FrameTest">
    <skipped/>
  </testcase> <!-- testFramewithIDorname -->
  <testcase name="testBmiCalculation" time="0.0" classname="PageObjectModel.BmiCalculatorTests">
    <skipped/>
  </testcase> <!-- testBmiCalculation -->
  <testcase name="testTakesScreenshot" time="0.0" classname="SeleniumAPI.ScreenShottest">
    <skipped/>
  </testcase> <!-- testTakesScreenshot -->
  <testcase name="doubleClick" time="0.0" classname="SeleniumAPI.DoubleClickTest">
    <skipped/>
  </testcase> <!-- doubleClick -->
  <testcase name="testWebTableTest" time="0.0" classname="ExtendingSelenium.WebTableTest">
    <skipped/>
  </testcase> <!-- testWebTableTest -->
  <testcase name="testNavigation" time="0.0" classname="SeleniumAPI.NavigationTest">
    <skipped/>
  </testcase> <!-- testNavigation -->
  <testcase name="testConfirmAccept" time="0.0" classname="WorkingwithAlertsFrameandWindows.AlertsTest">
    <skipped/>
  </testcase> <!-- testConfirmAccept -->
  <testcase name="testConfirmDismiss" time="0.0" classname="WorkingwithAlertsFrameandWindows.AlertsTest">
    <skipped/>
  </testcase> <!-- testConfirmDismiss -->
  <testcase name="testPrompt" time="0.0" classname="WorkingwithAlertsFrameandWindows.AlertsTest">
    <skipped/>
  </testcase> <!-- testPrompt -->
  <testcase name="testSimpleAlert" time="0.0" classname="WorkingwithAlertsFrameandWindows.AlertsTest">
    <skipped/>
  </testcase> <!-- testSimpleAlert -->
  <testcase name="testElemetEnable" time="0.0" classname="com.pom.practice.firstpom.pages.SeleniumAPI">
    <skipped/>
  </testcase> <!-- testElemetEnable -->
  <testcase name="testRowselectionusingControlKeys" time="0.0" classname="com.pom.practice.firstpom.pages.SeleniumAPI">
    <skipped/>
  </testcase> <!-- testRowselectionusingControlKeys -->
  <testcase name="testisElementpresent" time="0.0" classname="com.pom.practice.firstpom.pages.SeleniumAPI">
    <skipped/>
  </testcase> <!-- testisElementpresent -->
  <testcase name="testNavigation" time="0.0" classname="SeleniumAPI.browsernavigations">
    <skipped/>
  </testcase> <!-- testNavigation -->
  <testcase name="testBmiCalculatorLayout" time="0.0" classname="ExtendingSelenium.BmiCalculatorTest">
    <skipped/>
  </testcase> <!-- testBmiCalculatorLayout -->
  <testcase name="testHTML5VideoPlayer" time="0.0" classname="HTML5VideoPlayer.HTML5VideoPlayer">
    <skipped/>
  </testcase> <!-- testHTML5VideoPlayer -->
  <testcase name="testBmiCalculator" time="0.0" classname="ExtendingSelenium.Objectmaptest">
    <skipped/>
  </testcase> <!-- testBmiCalculator -->
  <testcase name="TC_01init" time="0.0" classname="com.pom.practice.firstpom.pages.LoginTest">
    <skipped/>
  </testcase> <!-- TC_01init -->
  <testcase name="settingupFirefoxdriver" time="0.0" classname="GettingStarted.SettingUpFirefox">
    <skipped/>
  </testcase> <!-- settingupFirefoxdriver -->
  <testcase name="testDragDrop" time="0.0" classname="SeleniumAPI.DragandDrop">
    <skipped/>
  </testcase> <!-- testDragDrop -->
  <testcase name="testWindowUsingContents" time="0.0" classname="WorkingwithAlertsFrameandWindows.WindowTest">
    <skipped/>
  </testcase> <!-- testWindowUsingContents -->
  <testcase name="testWindowUsingName" time="0.0" classname="WorkingwithAlertsFrameandWindows.WindowTest">
    <skipped/>
  </testcase> <!-- testWindowUsingName -->
  <testcase name="testWindowUsingTitle" time="0.0" classname="WorkingwithAlertsFrameandWindows.WindowTest">
    <skipped/>
  </testcase> <!-- testWindowUsingTitle -->
  <testcase name="testElementAttribute" time="0.0" classname="com.pom.practice.firstpom.pages.ElementExe">
    <skipped/>
  </testcase> <!-- testElementAttribute -->
  <testcase name="testElementCss" time="0.0" classname="com.pom.practice.firstpom.pages.ElementExe">
    <skipped/>
  </testcase> <!-- testElementCss -->
  <testcase name="textElementText" time="0.0" classname="com.pom.practice.firstpom.pages.ElementExe">
    <skipped/>
  </testcase> <!-- textElementText -->
  <testcase name="testWithImplicitWait" time="0.0" classname="SynchronizingTests.ImplicitlyWaitTest">
    <skipped/>
  </testcase> <!-- testWithImplicitWait -->
  <testcase name="testEventFiringWebDriver" time="0.0" classname="SeleniumAPI.WebdriverEvent">
    <skipped/>
  </testcase> <!-- testEventFiringWebDriver -->
  <testcase name="testFrameWithIdOrName" time="0.0" classname="WorkingwithAlertsFrameandWindows.FramesTest">
    <skipped/>
  </testcase> <!-- testFrameWithIdOrName -->
  <testcase name="TC_02into" time="0.0" classname="com.pom.practice.firstpom.pages.LoginTest">
    <skipped/>
  </testcase> <!-- TC_02into -->
  <testcase name="testFrameByIndex" time="0.0" classname="WorkingwithAlertsFrameandWindows.FramesTest">
    <skipped/>
  </testcase> <!-- testFrameByIndex -->
  <testcase name="TC_03in" time="0.0" classname="com.pom.practice.firstpom.pages.LoginTest">
    <skipped/>
  </testcase> <!-- TC_03in -->
  <testcase name="testContextMenu" time="0.0" classname="SeleniumAPI.WorkingWithContextMenu">
    <ignored/>
  </testcase> <!-- testContextMenu -->
  <testcase name="testCookies" time="0.0" classname="WorkingWithElements.SessionCookies">
    <ignored/>
  </testcase> <!-- testCookies -->
  <testcase name="contestmemu" time="0.0" classname="SeleniumAPI.DoubleClickTest">
    <ignored/>
  </testcase> <!-- contestmemu -->
</testsuite> <!-- Test1 -->
