<?xml version="1.0" encoding="UTF-8"?>
<!-- Generated by org.testng.reporters.JUnitXMLReporter -->
<testsuite hostname="LAPTOP-KMM92F66" ignored="0" name="Test" tests="8" failures="1" timestamp="01 Aug 2019 09:00:53 GMT" time="83.933" errors="0">
  <testcase name="testBmiCalculation" time="19.869" classname="PageObjectModel.BmiCalculatorTests2"/>
  <testcase name="testIFrame" time="0.58" classname="WorkingwithAlertsFramesandWindows.FramesTest">
    <failure type="org.openqa.selenium.NoSuchElementException" message="Unable to locate element: #followbutton
For documentation on this error, please visit: http://seleniumhq.org/exceptions/no_such_element.html
Build info: version: &amp;apos;3.12.0&amp;apos;, revision: &amp;apos;7c6e0b3&amp;apos;, time: &amp;apos;2018-05-08T14:04:26.12Z&amp;apos;
System info: host: &amp;apos;LAPTOP-KMM92F66&amp;apos;, ip: &amp;apos;192.168.43.31&amp;apos;, os.name: &amp;apos;Windows 10&amp;apos;, os.arch: &amp;apos;amd64&amp;apos;, os.version: &amp;apos;10.0&amp;apos;, java.version: &amp;apos;1.8.0_121&amp;apos;
Driver info: org.openqa.selenium.firefox.FirefoxDriver
Capabilities {acceptInsecureCerts: true, browserName: firefox, browserVersion: 61.0.2, javascriptEnabled: true, moz:accessibilityChecks: false, moz:headless: false, moz:processID: 3512, moz:profile: C:\Users\rajve\AppData\Loca..., moz:useNonSpecCompliantPointerOrigin: false, moz:webdriverClick: true, pageLoadStrategy: normal, platform: XP, platformName: XP, platformVersion: 10.0, rotatable: false, timeouts: {implicit: 0, pageLoad: 300000, script: 30000}}
Session ID: 5063f36c-929e-4356-9b90-7a75f493c918
*** Element info: {Using=id, value=followbutton}">
      <![CDATA[org.openqa.selenium.NoSuchElementException: Unable to locate element: #followbutton
For documentation on this error, please visit: http://seleniumhq.org/exceptions/no_such_element.html
Build info: version: '3.12.0', revision: '7c6e0b3', time: '2018-05-08T14:04:26.12Z'
System info: host: 'LAPTOP-KMM92F66', ip: '192.168.43.31', os.name: 'Windows 10', os.arch: 'amd64', os.version: '10.0', java.version: '1.8.0_121'
Driver info: org.openqa.selenium.firefox.FirefoxDriver
Capabilities {acceptInsecureCerts: true, browserName: firefox, browserVersion: 61.0.2, javascriptEnabled: true, moz:accessibilityChecks: false, moz:headless: false, moz:processID: 3512, moz:profile: C:\Users\rajve\AppData\Loca..., moz:useNonSpecCompliantPointerOrigin: false, moz:webdriverClick: true, pageLoadStrategy: normal, platform: XP, platformName: XP, platformVersion: 10.0, rotatable: false, timeouts: {implicit: 0, pageLoad: 300000, script: 30000}}
Session ID: 5063f36c-929e-4356-9b90-7a75f493c918
*** Element info: {Using=id, value=followbutton}
at org.openqa.selenium.remote.http.W3CHttpResponseCodec.createException(W3CHttpResponseCodec.java:187)
at org.openqa.selenium.remote.http.W3CHttpResponseCodec.decode(W3CHttpResponseCodec.java:122)
at org.openqa.selenium.remote.http.W3CHttpResponseCodec.decode(W3CHttpResponseCodec.java:49)
at org.openqa.selenium.remote.HttpCommandExecutor.execute(HttpCommandExecutor.java:158)
at org.openqa.selenium.remote.service.DriverCommandExecutor.execute(DriverCommandExecutor.java:83)
at org.openqa.selenium.remote.RemoteWebDriver.execute(RemoteWebDriver.java:543)
at org.openqa.selenium.remote.RemoteWebDriver.findElement(RemoteWebDriver.java:317)
at org.openqa.selenium.remote.RemoteWebDriver.findElementById(RemoteWebDriver.java:363)
at org.openqa.selenium.By$ById.findElement(By.java:188)
at org.openqa.selenium.remote.RemoteWebDriver.findElement(RemoteWebDriver.java:309)
at WorkingwithAlertsFramesandWindows.FramesTest.testIFrame(FramesTest.java:82)
... Removed 29 stack frames]]>
    </failure>
  </testcase> <!-- testIFrame -->
  <testcase name="testBMICalculator" time="1.175" classname="DataDrivenTesting.TestNGDDT"/>
  <testcase name="testBMICalculator" time="0.515" classname="DataDrivenTesting.TestNGDDT"/>
  <testcase name="testBMICalculator" time="0.539" classname="DataDrivenTesting.TestNGDDT"/>
  <testcase name="testBMICalculator" time="0.436" classname="DataDrivenTesting.TestNGDDT"/>
  <testcase name="testFrameWithIdOrName" time="0.738" classname="WorkingwithAlertsFramesandWindows.FramesTest"/>
  <testcase name="testFrameByIndex" time="0.04" classname="WorkingwithAlertsFramesandWindows.FramesTest"/>
</testsuite> <!-- Test -->
